<?xml version="1.0" encoding="UTF-8"?>
<testsuite xmlns:xsi="http://www.w3.org/2001/XMLSchema-instance" xsi:noNamespaceSchemaLocation="https://maven.apache.org/surefire/maven-surefire-plugin/xsd/surefire-test-report.xsd" version="3.0.2" name="TestSuite" time="20.287" tests="4" errors="0" skipped="0" failures="0">
  <properties>
[...]
</properties>
  <testcase name="runScenario[&quot;Create a new booking successfully&quot;, &quot;Create Booking&quot;](1)" classname="com.example.api.runner.TestRunner" time="7.315">
    <system-out><![CDATA[
Scenario: Create a new booking successfully   # src/test/resources/features/booking.feature:3
Reading File : C:\Users\Harshitha\Desktop\bdd_resrassured_automation\src\test\resources\testData\createUser.json
File Exists : true
Object Created : pojo.Booking@3506d826
  Given User has booking details              # com.example.api.runner.stepdefinitions.CreateBooking.userHasBookingDetails()
Created Booking ID : 1996
  When User creates a booking                 # com.example.api.runner.stepdefinitions.CreateBooking.userCreatesABooking()
{
    "bookingid": 1996,
    "booking": {
        "firstname": "James Reds",
        "lastname": "Testing",
        "totalprice": 111,
        "depositpaid": true,
        "bookingdates": {
            "checkin": "2018-02-01",
            "checkout": "2019-02-01"
        },
        "additionalneeds": "Lunch"
    }
}
Booking created successfully.
  Then Booking should be created successfully # com.example.api.runner.stepdefinitions.CreateBooking.bookingShouldBeCreatedSuccessfully()
]]></system-out>
    <system-err><![CDATA[SLF4J(W): No SLF4J providers were found.
SLF4J(W): Defaulting to no-operation (NOP) logger implementation
SLF4J(W): See https://www.slf4j.org/codes.html#noProviders for further details.
]]></system-err>
  </testcase>
  <testcase name="runScenario[&quot;Delete the booking successfully&quot;, &quot;Delete Booking&quot;](2)" classname="com.example.api.runner.TestRunner" time="3.925">
    <system-out><![CDATA[
Scenario: Delete the booking successfully     # src/test/resources/features/deleteuser.feature:3
Reading File : C:\Users\Harshitha\Desktop\bdd_resrassured_automation\src\test\resources\testData\auth.json
File Exists : true
Object Created : pojo.Auth@11d2714a
Generated Token : 0df5ca146923c2d
  Given User has booking details for delete   # com.example.api.runner.stepdefinitions.DeleteBooking.userHasBookingDetailsForDelete()
Created
Booking deleted successfully.
  Then Booking should be deleted successfully # com.example.api.runner.stepdefinitions.DeleteBooking.bookingShouldBeDeletedSuccessfully()
]]></system-out>
  </testcase>
  <testcase name="runScenario[&quot;Get booking details successfully&quot;, &quot;Get Booking Details&quot;](3)" classname="com.example.api.runner.TestRunner" time="3.483">
    <system-out><![CDATA[
Scenario: Get booking details successfully                  # src/test/resources/features/getBookingDetails.feature:3
Reading File : C:\Users\Harshitha\Desktop\bdd_resrassured_automation\src\test\resources\testData\createUser.json
File Exists : true
Object Created : pojo.Booking@c262f2f
  Given User has booking details                            # com.example.api.runner.stepdefinitions.CreateBooking.userHasBookingDetails()
Created Booking ID : 2057
  And User creates a booking                                # com.example.api.runner.stepdefinitions.CreateBooking.userCreatesABooking()
Booking ID : 2057
  When User retrieves the booking details                   # com.example.api.runner.stepdefinitions.GetBookingDetails.userRetrievesTheBookingDetails()
========= GET Response =========
{
    "firstname": "James Reds",
    "lastname": "Testing",
    "totalprice": 111,
    "depositpaid": true,
    "bookingdates": {
        "checkin": "2018-02-01",
        "checkout": "2019-02-01"
    },
    "additionalneeds": "Lunch"
}
  Then User should receive the booking details successfully # com.example.api.runner.stepdefinitions.GetBookingDetails.userShouldReceiveTheBookingDetailsSuccessfully()
]]></system-out>
  </testcase>
  <testcase name="runScenario[&quot;Update the booking successfully&quot;, &quot;Update Booking&quot;](4)" classname="com.example.api.runner.TestRunner" time="3.371">
    <system-out><![CDATA[
Scenario: Update the booking successfully     # src/test/resources/features/updateBooking.feature:3
******** UPDATE GIVEN EXECUTED ********
Reading File : C:\Users\Harshitha\Desktop\bdd_resrassured_automation\src\test\resources\testData\update.json
File Exists : true
Object Created : pojo.Booking@d49e8c6
Booking = pojo.Booking@d49e8c6
  Given User has booking details for update   # com.example.api.runner.stepdefinitions.UpdateBooking.userHasBookingDetailsForUpdate()
Reading File : C:\Users\Harshitha\Desktop\bdd_resrassured_automation\src\test\resources\testData\auth.json
File Exists : true
Object Created : pojo.Auth@5896cb9c
Generated Token : 9ec63fd020bb13e
Booking ID : 2057
Booking Object : pojo.Booking@d49e8c6
  When User update a booking                  # com.example.api.runner.stepdefinitions.UpdateBooking.userUpdatesABooking()
{
    "firstname": "Harshitha",
    "lastname": "Kanishk",
    "totalprice": 10,
    "depositpaid": true,
    "bookingdates": {
        "checkin": "2026-07-23",
        "checkout": "2027-07-24"
    },
    "additionalneeds": "Dinner"
}
Booking updated successfully.
  Then Booking should be updated successfully # com.example.api.runner.stepdefinitions.UpdateBooking.bookingShouldBeUpdatedSuccessfully()
]]></system-out>
  </testcase>
</testsuite>