<?xml version="1.0" encoding="UTF-8"?>
<testng-results ignored="0" total="4" passed="4" failed="0" skipped="0">
  <reporter-output>
  </reporter-output>
  <suite started-at="2026-07-23T16:00:16 IST" name="CREATE BOOKING" finished-at="2026-07-23T16:00:35 IST" duration-ms="19478">
    <groups>
      <group name="cucumber">
        <method signature="AbstractTestNGCucumberTests.runScenario(io.cucumber.testng.PickleWrapper,io.cucumber.testng.FeatureWrapper)[pri:0, instance:com.example.api.runner.TestRunner@3e92efc3]" name="runScenario" class="io.cucumber.testng.AbstractTestNGCucumberTests"/>
      </group> <!-- cucumber -->
    </groups>
    <test started-at="2026-07-23T16:00:16 IST" name="Test Booking API" finished-at="2026-07-23T16:00:35 IST" duration-ms="19478">
      <class name="com.example.api.runner.TestRunner">
        <test-method is-config="true" signature="setUpClass(org.testng.ITestContext)[pri:0, instance:com.example.api.runner.TestRunner@3e92efc3]" started-at="2026-07-23T16:00:16 IST" name="setUpClass" finished-at="2026-07-23T16:00:17 IST" duration-ms="1213" status="PASS">
          <params>
            <param index="0">
              <value>
                <![CDATA[org.testng.TestRunner@4bdb04c8]]>
              </value>
            </param>
          </params>
          <reporter-output>
          </reporter-output>
        </test-method> <!-- setUpClass -->
        <test-method signature="runScenario(io.cucumber.testng.PickleWrapper,io.cucumber.testng.FeatureWrapper)[pri:0, instance:com.example.api.runner.TestRunner@3e92efc3]" started-at="2026-07-23T16:00:17 IST" name="runScenario" description="Runs Cucumber Scenarios" data-provider="scenarios" finished-at="2026-07-23T16:00:24 IST" duration-ms="7301" status="PASS">
          <params>
            <param index="0">
              <value>
                <![CDATA["Create a new booking successfully"]]>
              </value>
            </param>
            <param index="1">
              <value>
                <![CDATA["Create Booking"]]>
              </value>
            </param>
          </params>
          <reporter-output>
          </reporter-output>
        </test-method> <!-- runScenario -->
        <test-method signature="runScenario(io.cucumber.testng.PickleWrapper,io.cucumber.testng.FeatureWrapper)[pri:0, instance:com.example.api.runner.TestRunner@3e92efc3]" started-at="2026-07-23T16:00:24 IST" name="runScenario" description="Runs Cucumber Scenarios" data-provider="scenarios" finished-at="2026-07-23T16:00:28 IST" duration-ms="3911" status="PASS">
          <params>
            <param index="0">
              <value>
                <![CDATA["Delete the booking successfully"]]>
              </value>
            </param>
            <param index="1">
              <value>
                <![CDATA["Delete Booking"]]>
              </value>
            </param>
          </params>
          <reporter-output>
          </reporter-output>
        </test-method> <!-- runScenario -->
        <test-method signature="runScenario(io.cucumber.testng.PickleWrapper,io.cucumber.testng.FeatureWrapper)[pri:0, instance:com.example.api.runner.TestRunner@3e92efc3]" started-at="2026-07-23T16:00:28 IST" name="runScenario" description="Runs Cucumber Scenarios" data-provider="scenarios" finished-at="2026-07-23T16:00:32 IST" duration-ms="3521" status="PASS">
          <params>
            <param index="0">
              <value>
                <![CDATA["Get booking details successfully"]]>
              </value>
            </param>
            <param index="1">
              <value>
                <![CDATA["Get Booking Details"]]>
              </value>
            </param>
          </params>
          <reporter-output>
          </reporter-output>
        </test-method> <!-- runScenario -->
        <test-method signature="runScenario(io.cucumber.testng.PickleWrapper,io.cucumber.testng.FeatureWrapper)[pri:0, instance:com.example.api.runner.TestRunner@3e92efc3]" started-at="2026-07-23T16:00:32 IST" name="runScenario" description="Runs Cucumber Scenarios" data-provider="scenarios" finished-at="2026-07-23T16:00:35 IST" duration-ms="3363" status="PASS">
          <params>
            <param index="0">
              <value>
                <![CDATA["Update the booking successfully"]]>
              </value>
            </param>
            <param index="1">
              <value>
                <![CDATA["Update Booking"]]>
              </value>
            </param>
          </params>
          <reporter-output>
          </reporter-output>
        </test-method> <!-- runScenario -->
        <test-method is-config="true" signature="tearDownClass()[pri:0, instance:com.example.api.runner.TestRunner@3e92efc3]" started-at="2026-07-23T16:00:35 IST" name="tearDownClass" finished-at="2026-07-23T16:00:35 IST" duration-ms="85" status="PASS">
          <reporter-output>
          </reporter-output>
        </test-method> <!-- tearDownClass -->
      </class> <!-- com.example.api.runner.TestRunner -->
    </test> <!-- Test Booking API -->
  </suite> <!-- CREATE BOOKING -->
</testng-results>
