<?xml version="1.0" encoding="UTF-8"?>
<!-- Generated by org.testng.reporters.JUnitReportReporter -->
<testsuite hostname="Dell" failures="0" tests="4" name="com.example.api.runner.TestRunner" time="18.096" errors="0" timestamp="2026-07-23T16:00:35 IST" skipped="0">
  <testcase classname="com.example.api.runner.TestRunner" name="runScenario" time="3.363"/>
  <testcase classname="com.example.api.runner.TestRunner" name="runScenario" time="7.301"/>
  <testcase classname="com.example.api.runner.TestRunner" name="runScenario" time="3.521"/>
  <testcase classname="com.example.api.runner.TestRunner" name="runScenario" time="3.911"/>
</testsuite> <!-- com.example.api.runner.TestRunner -->
